<?xml version="1.0" encoding="UTF-8"?>
<testsuite xmlns:xsi="http://www.w3.org/2001/XMLSchema-instance" xsi:noNamespaceSchemaLocation="https://maven.apache.org/surefire/maven-surefire-plugin/xsd/surefire-test-report.xsd" name="com.geek.jvm.AppTest" time="0.047" tests="1" errors="0" skipped="0" failures="0">
  <properties>
    <property name="user.variant" value=""/>
    <property name="java.vm.info" value="mixed mode"/>
    <property name="file.encoding.pkg" value="sun.io"/>
    <property name="file.encoding" value="GBK"/>
    <property name="java.specification.name" value="Java Platform API Specification"/>
    <property name="sun.os.patch.level" value=""/>
    <property name="user.dir" value="D:\jvm\memoryoptimization"/>
    <property name="line.separator" value="&#10;"/>
    <property name="java.home" value="C:\Program Files\Java\jdk1.7.0_79\jre"/>
    <property name="user.name" value="qiurunze"/>
    <property name="sun.boot.library.path" value="C:\Program Files\Java\jdk1.7.0_79\jre\bin"/>
    <property name="user.home" value="C:\Users\qiurunze"/>
    <property name="localRepository" value="D:\env\repo"/>
    <property name="sun.java.launcher" value="SUN_STANDARD"/>
    <property name="java.class.version" value="51.0"/>
    <property name="user.language" value="zh"/>
    <property name="java.vendor.url.bug" value="http://bugreport.sun.com/bugreport/"/>
    <property name="sun.jnu.encoding" value="GBK"/>
    <property name="java.io.tmpdir" value="C:\Users\qiurunze\AppData\Local\Temp\"/>
    <property name="java.specification.vendor" value="Oracle Corporation"/>
    <property name="file.separator" value="\"/>
    <property name="java.class.path" value="D:\jvm\memoryoptimization\target\test-classes;D:\jvm\memoryoptimization\target\classes;D:\env\repo\com\alibaba\dubbo\2.5.3\dubbo-2.5.3.jar;D:\env\repo\org\javassist\javassist\3.21.0-GA\javassist-3.21.0-GA.jar;D:\env\repo\org\jboss\netty\netty\3.2.5.Final\netty-3.2.5.Final.jar;D:\env\repo\org\apache\zookeeper\zookeeper\3.4.6\zookeeper-3.4.6.jar;D:\env\repo\org\slf4j\slf4j-api\1.7.25\slf4j-api-1.7.25.jar;D:\env\repo\jline\jline\0.9.94\jline-0.9.94.jar;D:\env\repo\junit\junit\4.12\junit-4.12.jar;D:\env\repo\org\hamcrest\hamcrest-core\1.3\hamcrest-core-1.3.jar;D:\env\repo\io\netty\netty\3.7.0.Final\netty-3.7.0.Final.jar;D:\env\repo\org\springframework\boot\spring-boot-starter-web\1.5.8.RELEASE\spring-boot-starter-web-1.5.8.RELEASE.jar;D:\env\repo\org\springframework\boot\spring-boot-starter\1.5.8.RELEASE\spring-boot-starter-1.5.8.RELEASE.jar;D:\env\repo\org\springframework\boot\spring-boot\1.5.8.RELEASE\spring-boot-1.5.8.RELEASE.jar;D:\env\repo\org\springframework\boot\spring-boot-autoconfigure\1.5.8.RELEASE\spring-boot-autoconfigure-1.5.8.RELEASE.jar;D:\env\repo\org\springframework\boot\spring-boot-starter-logging\1.5.8.RELEASE\spring-boot-starter-logging-1.5.8.RELEASE.jar;D:\env\repo\ch\qos\logback\logback-classic\1.1.11\logback-classic-1.1.11.jar;D:\env\repo\ch\qos\logback\logback-core\1.1.11\logback-core-1.1.11.jar;D:\env\repo\org\slf4j\jcl-over-slf4j\1.7.25\jcl-over-slf4j-1.7.25.jar;D:\env\repo\org\slf4j\jul-to-slf4j\1.7.25\jul-to-slf4j-1.7.25.jar;D:\env\repo\org\slf4j\log4j-over-slf4j\1.7.25\log4j-over-slf4j-1.7.25.jar;D:\env\repo\org\springframework\spring-core\4.3.12.RELEASE\spring-core-4.3.12.RELEASE.jar;D:\env\repo\org\yaml\snakeyaml\1.17\snakeyaml-1.17.jar;D:\env\repo\org\springframework\boot\spring-boot-starter-tomcat\1.5.8.RELEASE\spring-boot-starter-tomcat-1.5.8.RELEASE.jar;D:\env\repo\org\apache\tomcat\embed\tomcat-embed-core\8.5.23\tomcat-embed-core-8.5.23.jar;D:\env\repo\org\apache\tomcat\tomcat-annotations-api\8.5.23\tomcat-annotations-api-8.5.23.jar;D:\env\repo\org\apache\tomcat\embed\tomcat-embed-websocket\8.5.23\tomcat-embed-websocket-8.5.23.jar;D:\env\repo\org\hibernate\hibernate-validator\5.3.5.Final\hibernate-validator-5.3.5.Final.jar;D:\env\repo\javax\validation\validation-api\1.1.0.Final\validation-api-1.1.0.Final.jar;D:\env\repo\org\jboss\logging\jboss-logging\3.3.1.Final\jboss-logging-3.3.1.Final.jar;D:\env\repo\com\fasterxml\classmate\1.3.4\classmate-1.3.4.jar;D:\env\repo\com\fasterxml\jackson\core\jackson-databind\2.8.10\jackson-databind-2.8.10.jar;D:\env\repo\com\fasterxml\jackson\core\jackson-annotations\2.8.0\jackson-annotations-2.8.0.jar;D:\env\repo\com\fasterxml\jackson\core\jackson-core\2.8.10\jackson-core-2.8.10.jar;D:\env\repo\org\springframework\spring-web\4.3.12.RELEASE\spring-web-4.3.12.RELEASE.jar;D:\env\repo\org\springframework\spring-aop\4.3.12.RELEASE\spring-aop-4.3.12.RELEASE.jar;D:\env\repo\org\springframework\spring-beans\4.3.12.RELEASE\spring-beans-4.3.12.RELEASE.jar;D:\env\repo\org\springframework\spring-context\4.3.12.RELEASE\spring-context-4.3.12.RELEASE.jar;D:\env\repo\org\springframework\spring-webmvc\4.3.12.RELEASE\spring-webmvc-4.3.12.RELEASE.jar;D:\env\repo\org\springframework\spring-expression\4.3.12.RELEASE\spring-expression-4.3.12.RELEASE.jar;D:\env\repo\com\google\guava\guava\18.0\guava-18.0.jar;D:\env\repo\org\mybatis\spring\boot\mybatis-spring-boot-starter\1.3.1\mybatis-spring-boot-starter-1.3.1.jar;D:\env\repo\org\springframework\boot\spring-boot-starter-jdbc\1.5.8.RELEASE\spring-boot-starter-jdbc-1.5.8.RELEASE.jar;D:\env\repo\org\apache\tomcat\tomcat-jdbc\8.5.23\tomcat-jdbc-8.5.23.jar;D:\env\repo\org\apache\tomcat\tomcat-juli\8.5.23\tomcat-juli-8.5.23.jar;D:\env\repo\org\springframework\spring-jdbc\4.3.12.RELEASE\spring-jdbc-4.3.12.RELEASE.jar;D:\env\repo\org\mybatis\spring\boot\mybatis-spring-boot-autoconfigure\1.3.1\mybatis-spring-boot-autoconfigure-1.3.1.jar;D:\env\repo\org\mybatis\mybatis\3.4.5\mybatis-3.4.5.jar;D:\env\repo\org\mybatis\mybatis-spring\1.3.1\mybatis-spring-1.3.1.jar;D:\env\repo\mysql\mysql-connector-java\5.1.44\mysql-connector-java-5.1.44.jar;D:\env\repo\com\alibaba\fastjson\1.2.38\fastjson-1.2.38.jar;D:\env\repo\commons-codec\commons-codec\1.10\commons-codec-1.10.jar;D:\env\repo\org\apache\commons\commons-lang3\3.6\commons-lang3-3.6.jar;D:\env\repo\org\springframework\boot\spring-boot-starter-validation\1.5.8.RELEASE\spring-boot-starter-validation-1.5.8.RELEASE.jar;D:\env\repo\org\apache\tomcat\embed\tomcat-embed-el\8.5.23\tomcat-embed-el-8.5.23.jar;D:\env\repo\org\springframework\boot\spring-boot-starter-amqp\1.5.8.RELEASE\spring-boot-starter-amqp-1.5.8.RELEASE.jar;D:\env\repo\org\springframework\spring-messaging\4.3.12.RELEASE\spring-messaging-4.3.12.RELEASE.jar;D:\env\repo\org\springframework\amqp\spring-rabbit\1.7.4.RELEASE\spring-rabbit-1.7.4.RELEASE.jar;D:\env\repo\com\rabbitmq\http-client\1.1.1.RELEASE\http-client-1.1.1.RELEASE.jar;D:\env\repo\org\apache\httpcomponents\httpclient\4.5.3\httpclient-4.5.3.jar;D:\env\repo\org\apache\httpcomponents\httpcore\4.4.8\httpcore-4.4.8.jar;D:\env\repo\com\rabbitmq\amqp-client\4.0.3\amqp-client-4.0.3.jar;D:\env\repo\org\springframework\retry\spring-retry\1.2.1.RELEASE\spring-retry-1.2.1.RELEASE.jar;D:\env\repo\org\springframework\amqp\spring-amqp\1.7.4.RELEASE\spring-amqp-1.7.4.RELEASE.jar;D:\env\repo\org\springframework\spring-tx\4.3.12.RELEASE\spring-tx-4.3.12.RELEASE.jar;D:\env\repo\joda-time\joda-time\2.3\joda-time-2.3.jar;D:\env\repo\org\projectlombok\lombok\1.18.2\lombok-1.18.2.jar;"/>
    <property name="java.vm.vendor" value="Oracle Corporation"/>
    <property name="sun.cpu.endian" value="little"/>
    <property name="java.vm.specification.vendor" value="Oracle Corporation"/>
    <property name="java.specification.version" value="1.7"/>
    <property name="user.script" value=""/>
    <property name="awt.toolkit" value="sun.awt.windows.WToolkit"/>
    <property name="sun.java.command" value="C:\Users\qiurunze\AppData\Local\Temp\surefire5896899786188548471\surefirebooter7969502468600825387.jar C:\Users\qiurunze\AppData\Local\Temp\surefire5896899786188548471 2020-01-09T16-18-36_490-jvmRun1 surefire4380337499490590458tmp surefire_0880593011330788306tmp"/>
    <property name="user.timezone" value=""/>
    <property name="surefire.test.class.path" value="D:\jvm\memoryoptimization\target\test-classes;D:\jvm\memoryoptimization\target\classes;D:\env\repo\com\alibaba\dubbo\2.5.3\dubbo-2.5.3.jar;D:\env\repo\org\javassist\javassist\3.21.0-GA\javassist-3.21.0-GA.jar;D:\env\repo\org\jboss\netty\netty\3.2.5.Final\netty-3.2.5.Final.jar;D:\env\repo\org\apache\zookeeper\zookeeper\3.4.6\zookeeper-3.4.6.jar;D:\env\repo\org\slf4j\slf4j-api\1.7.25\slf4j-api-1.7.25.jar;D:\env\repo\jline\jline\0.9.94\jline-0.9.94.jar;D:\env\repo\junit\junit\4.12\junit-4.12.jar;D:\env\repo\org\hamcrest\hamcrest-core\1.3\hamcrest-core-1.3.jar;D:\env\repo\io\netty\netty\3.7.0.Final\netty-3.7.0.Final.jar;D:\env\repo\org\springframework\boot\spring-boot-starter-web\1.5.8.RELEASE\spring-boot-starter-web-1.5.8.RELEASE.jar;D:\env\repo\org\springframework\boot\spring-boot-starter\1.5.8.RELEASE\spring-boot-starter-1.5.8.RELEASE.jar;D:\env\repo\org\springframework\boot\spring-boot\1.5.8.RELEASE\spring-boot-1.5.8.RELEASE.jar;D:\env\repo\org\springframework\boot\spring-boot-autoconfigure\1.5.8.RELEASE\spring-boot-autoconfigure-1.5.8.RELEASE.jar;D:\env\repo\org\springframework\boot\spring-boot-starter-logging\1.5.8.RELEASE\spring-boot-starter-logging-1.5.8.RELEASE.jar;D:\env\repo\ch\qos\logback\logback-classic\1.1.11\logback-classic-1.1.11.jar;D:\env\repo\ch\qos\logback\logback-core\1.1.11\logback-core-1.1.11.jar;D:\env\repo\org\slf4j\jcl-over-slf4j\1.7.25\jcl-over-slf4j-1.7.25.jar;D:\env\repo\org\slf4j\jul-to-slf4j\1.7.25\jul-to-slf4j-1.7.25.jar;D:\env\repo\org\slf4j\log4j-over-slf4j\1.7.25\log4j-over-slf4j-1.7.25.jar;D:\env\repo\org\springframework\spring-core\4.3.12.RELEASE\spring-core-4.3.12.RELEASE.jar;D:\env\repo\org\yaml\snakeyaml\1.17\snakeyaml-1.17.jar;D:\env\repo\org\springframework\boot\spring-boot-starter-tomcat\1.5.8.RELEASE\spring-boot-starter-tomcat-1.5.8.RELEASE.jar;D:\env\repo\org\apache\tomcat\embed\tomcat-embed-core\8.5.23\tomcat-embed-core-8.5.23.jar;D:\env\repo\org\apache\tomcat\tomcat-annotations-api\8.5.23\tomcat-annotations-api-8.5.23.jar;D:\env\repo\org\apache\tomcat\embed\tomcat-embed-websocket\8.5.23\tomcat-embed-websocket-8.5.23.jar;D:\env\repo\org\hibernate\hibernate-validator\5.3.5.Final\hibernate-validator-5.3.5.Final.jar;D:\env\repo\javax\validation\validation-api\1.1.0.Final\validation-api-1.1.0.Final.jar;D:\env\repo\org\jboss\logging\jboss-logging\3.3.1.Final\jboss-logging-3.3.1.Final.jar;D:\env\repo\com\fasterxml\classmate\1.3.4\classmate-1.3.4.jar;D:\env\repo\com\fasterxml\jackson\core\jackson-databind\2.8.10\jackson-databind-2.8.10.jar;D:\env\repo\com\fasterxml\jackson\core\jackson-annotations\2.8.0\jackson-annotations-2.8.0.jar;D:\env\repo\com\fasterxml\jackson\core\jackson-core\2.8.10\jackson-core-2.8.10.jar;D:\env\repo\org\springframework\spring-web\4.3.12.RELEASE\spring-web-4.3.12.RELEASE.jar;D:\env\repo\org\springframework\spring-aop\4.3.12.RELEASE\spring-aop-4.3.12.RELEASE.jar;D:\env\repo\org\springframework\spring-beans\4.3.12.RELEASE\spring-beans-4.3.12.RELEASE.jar;D:\env\repo\org\springframework\spring-context\4.3.12.RELEASE\spring-context-4.3.12.RELEASE.jar;D:\env\repo\org\springframework\spring-webmvc\4.3.12.RELEASE\spring-webmvc-4.3.12.RELEASE.jar;D:\env\repo\org\springframework\spring-expression\4.3.12.RELEASE\spring-expression-4.3.12.RELEASE.jar;D:\env\repo\com\google\guava\guava\18.0\guava-18.0.jar;D:\env\repo\org\mybatis\spring\boot\mybatis-spring-boot-starter\1.3.1\mybatis-spring-boot-starter-1.3.1.jar;D:\env\repo\org\springframework\boot\spring-boot-starter-jdbc\1.5.8.RELEASE\spring-boot-starter-jdbc-1.5.8.RELEASE.jar;D:\env\repo\org\apache\tomcat\tomcat-jdbc\8.5.23\tomcat-jdbc-8.5.23.jar;D:\env\repo\org\apache\tomcat\tomcat-juli\8.5.23\tomcat-juli-8.5.23.jar;D:\env\repo\org\springframework\spring-jdbc\4.3.12.RELEASE\spring-jdbc-4.3.12.RELEASE.jar;D:\env\repo\org\mybatis\spring\boot\mybatis-spring-boot-autoconfigure\1.3.1\mybatis-spring-boot-autoconfigure-1.3.1.jar;D:\env\repo\org\mybatis\mybatis\3.4.5\mybatis-3.4.5.jar;D:\env\repo\org\mybatis\mybatis-spring\1.3.1\mybatis-spring-1.3.1.jar;D:\env\repo\mysql\mysql-connector-java\5.1.44\mysql-connector-java-5.1.44.jar;D:\env\repo\com\alibaba\fastjson\1.2.38\fastjson-1.2.38.jar;D:\env\repo\commons-codec\commons-codec\1.10\commons-codec-1.10.jar;D:\env\repo\org\apache\commons\commons-lang3\3.6\commons-lang3-3.6.jar;D:\env\repo\org\springframework\boot\spring-boot-starter-validation\1.5.8.RELEASE\spring-boot-starter-validation-1.5.8.RELEASE.jar;D:\env\repo\org\apache\tomcat\embed\tomcat-embed-el\8.5.23\tomcat-embed-el-8.5.23.jar;D:\env\repo\org\springframework\boot\spring-boot-starter-amqp\1.5.8.RELEASE\spring-boot-starter-amqp-1.5.8.RELEASE.jar;D:\env\repo\org\springframework\spring-messaging\4.3.12.RELEASE\spring-messaging-4.3.12.RELEASE.jar;D:\env\repo\org\springframework\amqp\spring-rabbit\1.7.4.RELEASE\spring-rabbit-1.7.4.RELEASE.jar;D:\env\repo\com\rabbitmq\http-client\1.1.1.RELEASE\http-client-1.1.1.RELEASE.jar;D:\env\repo\org\apache\httpcomponents\httpclient\4.5.3\httpclient-4.5.3.jar;D:\env\repo\org\apache\httpcomponents\httpcore\4.4.8\httpcore-4.4.8.jar;D:\env\repo\com\rabbitmq\amqp-client\4.0.3\amqp-client-4.0.3.jar;D:\env\repo\org\springframework\retry\spring-retry\1.2.1.RELEASE\spring-retry-1.2.1.RELEASE.jar;D:\env\repo\org\springframework\amqp\spring-amqp\1.7.4.RELEASE\spring-amqp-1.7.4.RELEASE.jar;D:\env\repo\org\springframework\spring-tx\4.3.12.RELEASE\spring-tx-4.3.12.RELEASE.jar;D:\env\repo\joda-time\joda-time\2.3\joda-time-2.3.jar;D:\env\repo\org\projectlombok\lombok\1.18.2\lombok-1.18.2.jar;"/>
    <property name="java.runtime.version" value="1.7.0_79-b15"/>
    <property name="java.vendor" value="Oracle Corporation"/>
    <property name="sun.management.compiler" value="HotSpot 64-Bit Tiered Compilers"/>
    <property name="sun.arch.data.model" value="64"/>
    <property name="os.arch" value="amd64"/>
    <property name="sun.io.unicode.encoding" value="UnicodeLittle"/>
    <property name="java.awt.printerjob" value="sun.awt.windows.WPrinterJob"/>
    <property name="path.separator" value=";"/>
    <property name="java.runtime.name" value="Java(TM) SE Runtime Environment"/>
    <property name="java.vendor.url" value="http://java.oracle.com/"/>
    <property name="sun.boot.class.path" value="C:\Program Files\Java\jdk1.7.0_79\jre\lib\resources.jar;C:\Program Files\Java\jdk1.7.0_79\jre\lib\rt.jar;C:\Program Files\Java\jdk1.7.0_79\jre\lib\sunrsasign.jar;C:\Program Files\Java\jdk1.7.0_79\jre\lib\jsse.jar;C:\Program Files\Java\jdk1.7.0_79\jre\lib\jce.jar;C:\Program Files\Java\jdk1.7.0_79\jre\lib\charsets.jar;C:\Program Files\Java\jdk1.7.0_79\jre\lib\jfr.jar;C:\Program Files\Java\jdk1.7.0_79\jre\classes"/>
    <property name="surefire.real.class.path" value="C:\Users\qiurunze\AppData\Local\Temp\surefire5896899786188548471\surefirebooter7969502468600825387.jar"/>
    <property name="java.endorsed.dirs" value="C:\Program Files\Java\jdk1.7.0_79\jre\lib\endorsed"/>
    <property name="sun.desktop" value="windows"/>
    <property name="idea.version" value="2018.2.5"/>
    <property name="java.vm.version" value="24.79-b02"/>
    <property name="os.name" value="Windows 8.1"/>
    <property name="java.vm.specification.version" value="1.7"/>
    <property name="sun.cpu.isalist" value="amd64"/>
    <property name="java.version" value="1.7.0_79"/>
    <property name="java.vm.specification.name" value="Java Virtual Machine Specification"/>
    <property name="java.ext.dirs" value="C:\Program Files\Java\jdk1.7.0_79\jre\lib\ext;C:\WINDOWS\Sun\Java\lib\ext"/>
    <property name="os.version" value="6.3"/>
    <property name="basedir" value="D:\jvm\memoryoptimization"/>
    <property name="java.library.path" value="C:\Program Files\Java\jdk1.7.0_79\jre\bin;C:\WINDOWS\Sun\Java\bin;C:\WINDOWS\system32;C:\WINDOWS;C:\Program Files (x86)\NetSarang\Xftp 6\;C:\Program Files (x86)\NetSarang\Xshell 6\;&quot;C:\Program Files\Java\jdk1.8.0_91\bin;C:\Program Files\Java\jdk1.8.0_91\jre\bin&quot;;C:\WINDOWS\system32;C:\WINDOWS;C:\WINDOWS\System32\Wbem;C:\WINDOWS\System32\WindowsPowerShell\v1.0\;C:\WINDOWS\System32\OpenSSH\;C:\Program Files\Git\cmd;D:\soft\apache-maven-3.5.0\bin\;C:\Program Files\TortoiseSVN\bin;C:\Program Files (x86)\LuaStudio\LuaStudio.exe;D:\lua\lua52.exe;C:\Program Files (x86)\Lua\5.1;C:\Program Files (x86)\Lua\5.1\clibs;C:\Users\qiurunze\AppData\Local\Microsoft\WindowsApps;D:\vscode\Microsoft VS Code\bin;C:\Program Files\erl10.5\bin;C:\Users\qiurunze\AppData\Local\BypassRuntm;."/>
    <property name="java.awt.graphicsenv" value="sun.awt.Win32GraphicsEnvironment"/>
    <property name="java.vm.name" value="Java HotSpot(TM) 64-Bit Server VM"/>
    <property name="user.country" value="CN"/>
  </properties>
  <testcase name="shouldAnswerWithTrue" classname="com.geek.jvm.AppTest" time="0.002"/>
</testsuite>